
> crypto2028-portfolio@0.1.0 dev
> next dev

  ▲ Next.js 14.2.35
  - Local:        http://localhost:3000
  - Environments: .env

 ✓ Starting...
 ✓ Ready in 5.5s
 ○ Compiling / ...
 ✓ Compiled / in 1089ms (561 modules)
 GET / 307 in 1173ms
 ○ Compiling /dashboard ...
 ✓ Compiled /dashboard in 947ms (1712 modules)
 GET /dashboard 200 in 1090ms
 ✓ Compiled /login in 192ms (1708 modules)
 ✓ Compiled /api/prices in 105ms (888 modules)
 GET /api/prices 200 in 10653ms
 GET /api/prices 200 in 10512ms
 GET /api/prices 200 in 10553ms
 GET /api/prices 200 in 10522ms
 GET /dashboard 200 in 132ms
 GET /api/prices 200 in 886ms
 GET /dashboard 200 in 32ms
 GET /api/prices 200 in 10344ms
 ✓ Compiled in 223ms (1744 modules)
 ✓ Compiled in 134ms (1744 modules)
 ✓ Compiled in 153ms (1744 modules)
 GET /api/prices 200 in 10523ms
 ✓ Compiled in 384ms (1744 modules)
 ✓ Compiled in 156ms (1744 modules)
 ✓ Compiled in 148ms (1744 modules)
 GET /dashboard 200 in 127ms
 GET /api/prices 200 in 3803ms
 ✓ Compiled in 187ms (1744 modules)
 GET /api/prices 200 in 10296ms
 ✓ Compiled in 120ms (1744 modules)
 GET /api/prices 200 in 10529ms
 GET /dashboard 200 in 139ms
 GET /api/prices 200 in 10511ms
 GET /api/prices 200 in 10515ms
 ✓ Compiled in 262ms (1744 modules)
 GET /api/prices 200 in 10526ms
 GET /api/prices 200 in 10502ms
 GET /api/prices 200 in 10529ms
 GET /api/prices 200 in 10522ms
 ✓ Compiled in 194ms (1744 modules)
 ✓ Compiled in 227ms (1744 modules)
 GET /api/prices 200 in 10526ms
 GET /api/prices 200 in 8950ms
 GET /dashboard 200 in 121ms
 GET /api/prices 200 in 10265ms
 ✓ Compiled in 245ms (1744 modules)
 GET /api/prices 200 in 10522ms
 ✓ Compiled in 164ms (1744 modules)
 ✓ Compiled in 129ms (1744 modules)
 GET /api/prices 200 in 10530ms
 ✓ Compiled /api/prices in 428ms (1726 modules)
 ✓ Compiled in 0ms (886 modules)
 GET /api/prices 200 in 10771ms
 ✓ Compiled in 165ms (1756 modules)
 GET /api/prices 200 in 10536ms
 GET /api/prices 200 in 10534ms
 GET /api/prices 200 in 10521ms
 ✓ Compiled in 292ms (1756 modules)
 ✓ Compiled in 184ms (1756 modules)
 GET /api/prices 200 in 10522ms
 ✓ Compiled in 342ms (1756 modules)
 GET /api/prices 200 in 10531ms
 GET /api/prices 200 in 10520ms
 GET /api/prices 200 in 10538ms
 GET /api/prices 200 in 10520ms
 GET /api/prices 200 in 10523ms
 GET /api/prices 200 in 10521ms
 GET /api/prices 200 in 10521ms
 GET /api/prices 200 in 10537ms
 GET /api/prices 200 in 10537ms
 GET /api/prices 200 in 10536ms
 GET /api/prices 200 in 10531ms
 GET /api/prices 200 in 10533ms
 GET /api/prices 200 in 10523ms
 GET /api/prices 200 in 10533ms
 GET /api/prices 200 in 10533ms
 GET /api/prices 200 in 10526ms
 GET /api/prices 200 in 10535ms
 GET /api/prices 200 in 10532ms
 GET /api/prices 200 in 10537ms
 GET /api/prices 200 in 10524ms
 GET /api/prices 200 in 10533ms
 GET /api/prices 200 in 10530ms
 GET /api/prices 200 in 10536ms
 GET /api/prices 200 in 10528ms
 GET /api/prices 200 in 10532ms
 GET /api/prices 200 in 10537ms
 GET /api/prices 200 in 10528ms
 GET /api/prices 200 in 10526ms
 GET /api/prices 200 in 10532ms
 GET /api/prices 200 in 10534ms
 GET /api/prices 200 in 10539ms
 GET /api/prices 200 in 10537ms
 GET /api/prices 200 in 10536ms
 GET /api/prices 200 in 10533ms
 GET /api/prices 200 in 10532ms
 GET /api/prices 200 in 10521ms
 GET /api/prices 200 in 10533ms
 GET /api/prices 200 in 10533ms
 GET /api/prices 200 in 10533ms
 GET /dashboard 200 in 136ms
 GET /api/prices 200 in 10512ms
 ✓ Compiled /api/prices in 276ms (1726 modules)
 ✓ Compiled in 0ms (886 modules)
 GET /api/prices 200 in 10669ms
 ✓ Compiled in 194ms (1756 modules)
 ✓ Compiled in 182ms (1726 modules)
 GET /dashboard 200 in 127ms
 ✓ Compiled /api/prices in 86ms (886 modules)
 GET /api/prices 200 in 10617ms
 ✓ Compiled in 200ms (1756 modules)
 GET /api/prices 200 in 10518ms
 ✓ Compiled in 252ms (1756 modules)
 ✓ Compiled in 157ms (1756 modules)
 ✓ Compiled in 201ms (1756 modules)
 GET /api/prices 200 in 10521ms
 GET /api/prices 200 in 10529ms
 GET /api/prices 200 in 10517ms
 GET /api/prices 200 in 10513ms
 GET /api/prices 200 in 10500ms
 GET /api/prices 200 in 10510ms
 GET /api/prices 200 in 10505ms
 GET /api/prices 200 in 10510ms
 GET /api/prices 200 in 10508ms
